[0.032s] Invoking command in '/home/hw_learn/ws_ros2/ws01_plumbing/build/base_interfaces_demo': CMAKE_PREFIX_PATH=${CMAKE_PREFIX_PATH}:/home/hw_learn/ws_ros2/ws01_plumbing/install/py01_topic:/home/hw_learn/dev_ws/install/learning_urdf:/home/hw_learn/dev_ws/install/learning_topic:/home/hw_learn/dev_ws/install/learning_tf:/home/hw_learn/dev_ws/install/learning_service:/home/hw_learn/dev_ws/install/learning_qos:/home/hw_learn/dev_ws/install/learning_pkg_python:/home/hw_learn/dev_ws/install/learning_parameter:/home/hw_learn/dev_ws/install/learning_node:/home/hw_learn/dev_ws/install/learning_launch:/home/hw_learn/dev_ws/install/learning_action:/home/hw_learn/dev_ws/install/learning_gazebo /usr/bin/cmake --build /home/hw_learn/ws_ros2/ws01_plumbing/build/base_interfaces_demo -- -j128 -l128
[0.059s] -- Found rosidl_default_generators: 1.0.1 (/opt/ros/foxy/share/rosidl_default_generators/cmake)
[0.059s] -- Found ament_cmake_core: 0.9.9 (/opt/ros/foxy/share/ament_cmake_core/cmake)
[0.082s] -- Found PythonInterp: /usr/bin/python3 (found suitable version "3.8.10", minimum required is "3") 
[0.082s] -- Using PYTHON_EXECUTABLE: /usr/bin/python3
[0.250s] -- Using all available rosidl_typesupport_c: rosidl_typesupport_fastrtps_c;rosidl_typesupport_introspection_c
[0.253s] -- Found rosidl_adapter: 1.2.1 (/opt/ros/foxy/share/rosidl_adapter/cmake)
[0.389s] -- Using all available rosidl_typesupport_cpp: rosidl_typesupport_fastrtps_cpp;rosidl_typesupport_introspection_cpp
[0.439s] -- Found PythonInterp: /usr/bin/python3 (found version "3.8.10") 
[0.664s] CMake Error at /opt/ros/foxy/share/rosidl_adapter/cmake/rosidl_adapt_interfaces.cmake:63 (message):
[0.664s]   execute_process(/usr/bin/python3 -m rosidl_adapter --package-name
[0.664s]   base_interfaces_demo --arguments-file
[0.664s]   /home/hw_learn/ws_ros2/ws01_plumbing/build/base_interfaces_demo/rosidl_adapter__arguments__base_interfaces_demo.json
[0.664s]   --output-dir
[0.664s]   /home/hw_learn/ws_ros2/ws01_plumbing/build/base_interfaces_demo/rosidl_adapter/base_interfaces_demo
[0.664s]   --output-file
[0.665s]   /home/hw_learn/ws_ros2/ws01_plumbing/build/base_interfaces_demo/rosidl_adapter/base_interfaces_demo.idls)
[0.665s]   returned error code 1:
[0.665s] 
[0.665s]   Error processing 'floate32 y' of 'base_interfaces_demo/Distance_Request':
[0.665s]   ''floate32' is an invalid message name.  It should have the pattern
[0.665s]   '^[A-Z][A-Za-z0-9]*$''
[0.665s] 
[0.665s]   Traceback (most recent call last):
[0.665s] 
[0.665s]     File "/usr/lib/python3.8/runpy.py", line 194, in _run_module_as_main
[0.665s]       return _run_code(code, main_globals, None,
[0.665s]     File "/usr/lib/python3.8/runpy.py", line 87, in _run_code
[0.665s]       exec(code, run_globals)
[0.665s]     File "/opt/ros/foxy/lib/python3.8/site-packages/rosidl_adapter/__main__.py", line 19, in <module>
[0.665s]       sys.exit(main())
[0.666s]     File "/opt/ros/foxy/lib/python3.8/site-packages/rosidl_adapter/main.py", line 53, in main
[0.666s]       abs_idl_file = convert_to_idl(
[0.666s]     File "/opt/ros/foxy/lib/python3.8/site-packages/rosidl_adapter/__init__.py", line 24, in convert_to_idl
[0.666s]       return convert_srv_to_idl(
[0.666s]     File "/opt/ros/foxy/lib/python3.8/site-packages/rosidl_adapter/srv/__init__.py", line 28, in convert_srv_to_idl
[0.666s]       srv = parse_service_string(package_name, input_file.stem, content)
[0.666s]     File "/opt/ros/foxy/lib/python3.8/site-packages/rosidl_adapter/parser.py", line 852, in parse_service_string
[0.666s]       request_message = parse_message_string(
[0.666s]     File "/opt/ros/foxy/lib/python3.8/site-packages/rosidl_adapter/parser.py", line 516, in parse_message_string
[0.666s]       Type(type_string, context_package_name=pkg_name),
[0.666s]     File "/opt/ros/foxy/lib/python3.8/site-packages/rosidl_adapter/parser.py", line 276, in __init__
[0.666s]       super(Type, self).__init__(
[0.666s]     File "/opt/ros/foxy/lib/python3.8/site-packages/rosidl_adapter/parser.py", line 204, in __init__
[0.666s]       raise InvalidResourceName(
[0.666s] 
[0.666s]   rosidl_adapter.parser.InvalidResourceName: 'floate32' is an invalid message
[0.666s]   name.  It should have the pattern '^[A-Z][A-Za-z0-9]*$'
[0.667s] 
[0.667s] Call Stack (most recent call first):
[0.667s]   /opt/ros/foxy/share/rosidl_cmake/cmake/rosidl_generate_interfaces.cmake:130 (rosidl_adapt_interfaces)
[0.667s]   CMakeLists.txt:24 (rosidl_generate_interfaces)
[0.667s] 
[0.667s] 
[0.667s] -- Configuring incomplete, errors occurred!
[0.667s] See also "/home/hw_learn/ws_ros2/ws01_plumbing/build/base_interfaces_demo/CMakeFiles/CMakeOutput.log".
[0.672s] make: *** [Makefile:1228: cmake_check_build_system] Error 1
[0.674s] Invoked command in '/home/hw_learn/ws_ros2/ws01_plumbing/build/base_interfaces_demo' returned '2': CMAKE_PREFIX_PATH=${CMAKE_PREFIX_PATH}:/home/hw_learn/ws_ros2/ws01_plumbing/install/py01_topic:/home/hw_learn/dev_ws/install/learning_urdf:/home/hw_learn/dev_ws/install/learning_topic:/home/hw_learn/dev_ws/install/learning_tf:/home/hw_learn/dev_ws/install/learning_service:/home/hw_learn/dev_ws/install/learning_qos:/home/hw_learn/dev_ws/install/learning_pkg_python:/home/hw_learn/dev_ws/install/learning_parameter:/home/hw_learn/dev_ws/install/learning_node:/home/hw_learn/dev_ws/install/learning_launch:/home/hw_learn/dev_ws/install/learning_action:/home/hw_learn/dev_ws/install/learning_gazebo /usr/bin/cmake --build /home/hw_learn/ws_ros2/ws01_plumbing/build/base_interfaces_demo -- -j128 -l128
